
0__2015-04-22__22:17:24



0__2015-04-22__22:17:47



Count: 1 


-------------------------------------------------------------
BMP DATA:

Temperatrue  : 42.500000 C
Pressure  : 856.000000 hPa
Altitude  : 1391.349104 m


AM2302 DATA:

Temperatrue : 24.700001 C
humidity  : 30.600000 P
-------------------------------------------------------------
Take Pictures
Count: 2 


-------------------------------------------------------------
BMP DATA:

Temperatrue  : 42.400000 C
Pressure  : 856.000000 hPa
Altitude  : 1391.539817 m


AM2302 DATA:

Temperatrue : 24.799999 C
humidity  : 30.700001 P
-------------------------------------------------------------
Count: 3 


-------------------------------------------------------------
BMP DATA:

Temperatrue  : 42.400000 C
Pressure  : 856.000000 hPa
Altitude  : 1392.207342 m


AM2302 DATA:

Temperatrue : 24.700001 C
humidity  : 30.700001 P
-------------------------------------------------------------
Take Pictures
Count: 4 


-------------------------------------------------------------
BMP DATA:

Temperatrue  : 42.400000 C
Pressure  : 856.000000 hPa
Altitude  : 1391.253748 m


AM2302 DATA:

Temperatrue : 24.700001 C
humidity  : 30.700001 P
-------------------------------------------------------------
Count: 5 


-------------------------------------------------------------
BMP DATA:

Temperatrue  : 42.400000 C
Pressure  : 856.000000 hPa
Altitude  : 1392.016616 m


AM2302 DATA:

Temperatrue : 24.700001 C
humidity  : 30.700001 P
-------------------------------------------------------------
Take Pictures
0__2015-04-22__22:18:11


